2024-12-19 13:35:35,354 INFO Set uid to user 0 succeeded
2024-12-19 13:35:35,371 INFO supervisord started with pid 1
2024-12-19 13:35:36,378 INFO spawned: 'worker' with pid 7
2024-12-19 13:35:37,437 INFO success: worker entered RUNNING state, process has stayed up for > than 1 seconds (startsecs)
2024-12-19 16:28:08,739 WARN received SIGQUIT indicating exit request
2024-12-19 16:28:08,752 INFO waiting for worker to die
2024-12-19 16:28:09,760 WARN stopped: worker (terminated by SIGTERM)
2024-12-19 16:28:14,660 INFO Set uid to user 0 succeeded
2024-12-19 16:28:14,670 INFO supervisord started with pid 1
2024-12-19 16:28:15,676 INFO spawned: 'worker' with pid 7
2024-12-19 16:28:17,452 INFO success: worker entered RUNNING state, process has stayed up for > than 1 seconds (startsecs)
2024-12-19 22:32:59,253 WARN received SIGQUIT indicating exit request
2024-12-19 22:32:59,273 INFO waiting for worker to die
2024-12-19 22:33:00,280 WARN stopped: worker (terminated by SIGTERM)
2024-12-19 22:33:03,254 INFO Set uid to user 0 succeeded
2024-12-19 22:33:03,263 INFO supervisord started with pid 1
2024-12-19 22:33:04,266 INFO spawned: 'worker' with pid 7
2024-12-19 22:33:05,401 INFO success: worker entered RUNNING state, process has stayed up for > than 1 seconds (startsecs)
2024-12-19 22:33:21,367 WARN received SIGQUIT indicating exit request
2024-12-19 22:33:21,368 INFO waiting for worker to die
2024-12-19 22:33:22,369 WARN stopped: worker (terminated by SIGTERM)
2024-12-19 22:33:24,092 INFO Set uid to user 0 succeeded
2024-12-19 22:33:24,098 INFO supervisord started with pid 1
2024-12-19 22:33:25,103 INFO spawned: 'worker' with pid 8
2024-12-19 22:33:26,198 INFO success: worker entered RUNNING state, process has stayed up for > than 1 seconds (startsecs)
2024-12-19 22:34:37,181 WARN received SIGQUIT indicating exit request
2024-12-19 22:34:37,189 INFO waiting for worker to die
2024-12-19 22:34:38,191 WARN stopped: worker (terminated by SIGTERM)
2024-12-19 22:34:39,900 INFO Set uid to user 0 succeeded
2024-12-19 22:34:39,906 INFO supervisord started with pid 1
2024-12-19 22:34:40,910 INFO spawned: 'worker' with pid 7
2024-12-19 22:34:42,044 INFO success: worker entered RUNNING state, process has stayed up for > than 1 seconds (startsecs)
2024-12-20 13:02:08,154 WARN received SIGQUIT indicating exit request
2024-12-20 13:02:08,176 INFO waiting for worker to die
2024-12-20 13:02:09,197 WARN stopped: worker (terminated by SIGTERM)
2024-12-20 13:02:43,044 INFO Set uid to user 0 succeeded
2024-12-20 13:02:43,063 INFO supervisord started with pid 1
2024-12-20 13:02:44,100 INFO spawned: 'worker' with pid 8
2024-12-20 13:02:46,027 INFO success: worker entered RUNNING state, process has stayed up for > than 1 seconds (startsecs)
2024-12-21 01:36:06,793 INFO Set uid to user 0 succeeded
2024-12-21 01:36:06,827 INFO supervisord started with pid 1
2024-12-21 01:36:07,912 INFO spawned: 'worker' with pid 6
2024-12-21 01:36:09,681 INFO success: worker entered RUNNING state, process has stayed up for > than 1 seconds (startsecs)
2024-12-21 04:11:33,663 INFO Set uid to user 0 succeeded
2024-12-21 04:11:33,685 INFO supervisord started with pid 1
2024-12-21 04:11:34,690 INFO spawned: 'worker' with pid 8
2024-12-21 04:11:36,435 INFO success: worker entered RUNNING state, process has stayed up for > than 1 seconds (startsecs)
2024-12-24 09:14:17,597 INFO Set uid to user 0 succeeded
2024-12-24 09:14:17,603 INFO supervisord started with pid 1
2024-12-24 09:14:18,607 INFO spawned: 'worker' with pid 7
2024-12-24 09:14:20,158 INFO success: worker entered RUNNING state, process has stayed up for > than 1 seconds (startsecs)
2024-12-24 11:16:22,515 WARN received SIGQUIT indicating exit request
2024-12-24 11:16:22,593 INFO waiting for worker to die
2024-12-24 11:16:23,673 WARN stopped: worker (terminated by SIGTERM)
2024-12-24 11:17:04,420 INFO Set uid to user 0 succeeded
2024-12-24 11:17:04,437 INFO supervisord started with pid 1
2024-12-24 11:17:05,457 INFO spawned: 'worker' with pid 7
2024-12-24 11:17:06,516 INFO success: worker entered RUNNING state, process has stayed up for > than 1 seconds (startsecs)
2024-12-24 17:48:42,171 INFO Set uid to user 0 succeeded
2024-12-24 17:48:42,179 INFO supervisord started with pid 1
2024-12-24 17:48:43,186 INFO spawned: 'worker' with pid 7
2024-12-24 17:48:44,958 INFO success: worker entered RUNNING state, process has stayed up for > than 1 seconds (startsecs)
2024-12-24 18:10:04,976 WARN received SIGQUIT indicating exit request
2024-12-24 18:10:04,983 INFO waiting for worker to die
2024-12-24 18:10:05,985 WARN stopped: worker (terminated by SIGTERM)
2024-12-24 18:10:19,142 INFO Set uid to user 0 succeeded
2024-12-24 18:10:19,149 INFO supervisord started with pid 1
2024-12-24 18:10:20,255 INFO spawned: 'worker' with pid 8
2024-12-24 18:10:21,725 INFO success: worker entered RUNNING state, process has stayed up for > than 1 seconds (startsecs)
2024-12-24 18:11:31,582 WARN received SIGQUIT indicating exit request
2024-12-24 18:11:31,583 INFO waiting for worker to die
2024-12-24 18:11:32,585 WARN stopped: worker (terminated by SIGTERM)
2024-12-24 18:11:44,033 INFO Set uid to user 0 succeeded
2024-12-24 18:11:44,037 INFO supervisord started with pid 1
2024-12-24 18:11:45,054 INFO spawned: 'worker' with pid 8
2024-12-24 18:11:46,099 INFO success: worker entered RUNNING state, process has stayed up for > than 1 seconds (startsecs)
2024-12-24 18:12:04,371 WARN received SIGQUIT indicating exit request
2024-12-24 18:12:04,372 INFO waiting for worker to die
2024-12-24 18:12:05,373 WARN stopped: worker (terminated by SIGTERM)
2024-12-24 18:12:17,839 INFO Set uid to user 0 succeeded
2024-12-24 18:12:17,843 INFO supervisord started with pid 1
2024-12-24 18:12:19,186 INFO spawned: 'worker' with pid 7
2024-12-24 18:12:20,218 INFO success: worker entered RUNNING state, process has stayed up for > than 1 seconds (startsecs)
2025-01-14 20:24:55,212 INFO Set uid to user 0 succeeded
2025-01-14 20:24:55,220 INFO supervisord started with pid 1
2025-01-14 20:24:56,224 INFO spawned: 'worker' with pid 7
2025-01-14 20:24:57,664 INFO success: worker entered RUNNING state, process has stayed up for > than 1 seconds (startsecs)
2025-01-14 20:25:31,066 WARN received SIGQUIT indicating exit request
2025-01-14 20:25:31,066 INFO waiting for worker to die
2025-01-14 20:25:32,067 WARN stopped: worker (terminated by SIGTERM)
2025-01-14 20:25:43,459 INFO Set uid to user 0 succeeded
2025-01-14 20:25:43,464 INFO supervisord started with pid 1
2025-01-14 20:25:44,479 INFO spawned: 'worker' with pid 7
2025-01-14 20:25:45,765 INFO success: worker entered RUNNING state, process has stayed up for > than 1 seconds (startsecs)
2025-01-15 14:47:33,401 INFO Set uid to user 0 succeeded
2025-01-15 14:47:33,426 INFO supervisord started with pid 1
2025-01-15 14:47:34,436 INFO spawned: 'worker' with pid 7
2025-01-15 14:47:35,594 INFO success: worker entered RUNNING state, process has stayed up for > than 1 seconds (startsecs)
2025-01-16 16:56:08,308 INFO Set uid to user 0 succeeded
2025-01-16 16:56:08,407 INFO supervisord started with pid 1
2025-01-16 16:56:09,411 INFO spawned: 'worker' with pid 7
2025-01-16 16:56:10,563 INFO success: worker entered RUNNING state, process has stayed up for > than 1 seconds (startsecs)
2025-01-16 16:56:42,163 WARN received SIGQUIT indicating exit request
2025-01-16 16:56:42,164 INFO waiting for worker to die
2025-01-16 16:56:43,166 WARN stopped: worker (terminated by SIGTERM)
2025-01-16 16:56:56,147 INFO Set uid to user 0 succeeded
2025-01-16 16:56:56,180 INFO supervisord started with pid 1
2025-01-16 16:56:57,274 INFO spawned: 'worker' with pid 6
2025-01-16 16:56:59,000 INFO success: worker entered RUNNING state, process has stayed up for > than 1 seconds (startsecs)
2025-01-17 05:16:53,788 INFO Set uid to user 0 succeeded
2025-01-17 05:16:53,817 INFO supervisord started with pid 1
2025-01-17 05:16:54,830 INFO spawned: 'worker' with pid 7
2025-01-17 05:16:55,941 INFO success: worker entered RUNNING state, process has stayed up for > than 1 seconds (startsecs)
